<?xml version="1.0" encoding="UTF-8"?>
<testng-results ignored="0" total="14" passed="13" failed="1" skipped="0">
  <reporter-output>
  </reporter-output>
  <suite started-at="2024-02-05T16:49:00 EST" name="Default suite" finished-at="2024-02-05T16:50:05 EST" duration-ms="64755">
    <groups>
    </groups>
    <test started-at="2024-02-05T16:49:00 EST" name="Default test" finished-at="2024-02-05T16:50:05 EST" duration-ms="64755">
      <class name="com.qa.opencart.tests.AccountPageTest">
        <test-method is-config="true" signature="setup()[pri:0, instance:com.qa.opencart.tests.AccountPageTest@3d51f06e]" started-at="2024-02-05T16:49:00 EST" name="setup" finished-at="2024-02-05T16:49:14 EST" duration-ms="14343" status="PASS">
          <reporter-output>
          </reporter-output>
        </test-method> <!-- setup -->
        <test-method is-config="true" signature="getAccountSetup()[pri:0, instance:com.qa.opencart.tests.AccountPageTest@3d51f06e]" started-at="2024-02-05T16:49:14 EST" name="getAccountSetup" finished-at="2024-02-05T16:49:19 EST" duration-ms="4549" status="PASS">
          <reporter-output>
          </reporter-output>
        </test-method> <!-- getAccountSetup -->
        <test-method signature="accPageLogoutLinkTest()[pri:0, instance:com.qa.opencart.tests.AccountPageTest@3d51f06e]" started-at="2024-02-05T16:49:19 EST" name="accPageLogoutLinkTest" finished-at="2024-02-05T16:49:20 EST" duration-ms="584" status="PASS">
          <reporter-output>
          </reporter-output>
        </test-method> <!-- accPageLogoutLinkTest -->
        <test-method signature="accPageTitleSearchTest()[pri:0, instance:com.qa.opencart.tests.AccountPageTest@3d51f06e]" started-at="2024-02-05T16:49:20 EST" name="accPageTitleSearchTest" finished-at="2024-02-05T16:49:20 EST" duration-ms="171" status="PASS">
          <reporter-output>
          </reporter-output>
        </test-method> <!-- accPageTitleSearchTest -->
        <test-method signature="accPageTitleTest()[pri:0, instance:com.qa.opencart.tests.AccountPageTest@3d51f06e]" started-at="2024-02-05T16:49:20 EST" name="accPageTitleTest" finished-at="2024-02-05T16:49:20 EST" duration-ms="19" status="PASS">
          <reporter-output>
          </reporter-output>
        </test-method> <!-- accPageTitleTest -->
        <test-method signature="accPageURLTest()[pri:0, instance:com.qa.opencart.tests.AccountPageTest@3d51f06e]" started-at="2024-02-05T16:49:20 EST" name="accPageURLTest" finished-at="2024-02-05T16:49:20 EST" duration-ms="28" status="PASS">
          <reporter-output>
          </reporter-output>
        </test-method> <!-- accPageURLTest -->
        <test-method signature="getAccountPageHeadersListTest()[pri:0, instance:com.qa.opencart.tests.AccountPageTest@3d51f06e]" started-at="2024-02-05T16:49:20 EST" name="getAccountPageHeadersListTest" finished-at="2024-02-05T16:49:20 EST" duration-ms="330" status="PASS">
          <reporter-output>
          </reporter-output>
        </test-method> <!-- getAccountPageHeadersListTest -->
        <test-method signature="getAccountPageHeadersValueTest()[pri:0, instance:com.qa.opencart.tests.AccountPageTest@3d51f06e]" started-at="2024-02-05T16:49:20 EST" name="getAccountPageHeadersValueTest" finished-at="2024-02-05T16:49:21 EST" duration-ms="563" status="PASS">
          <reporter-output>
          </reporter-output>
        </test-method> <!-- getAccountPageHeadersValueTest -->
        <test-method signature="searchProductCountTest(java.lang.String)[pri:0, instance:com.qa.opencart.tests.AccountPageTest@3d51f06e]" started-at="2024-02-05T16:49:21 EST" name="searchProductCountTest" data-provider="getProductData" finished-at="2024-02-05T16:49:25 EST" duration-ms="4473" status="PASS">
          <params>
            <param index="0">
              <value>
                <![CDATA[macbook]]>
              </value>
            </param>
          </params>
          <reporter-output>
          </reporter-output>
        </test-method> <!-- searchProductCountTest -->
        <test-method signature="searchProductCountTest(java.lang.String)[pri:0, instance:com.qa.opencart.tests.AccountPageTest@3d51f06e]" started-at="2024-02-05T16:49:25 EST" name="searchProductCountTest" data-provider="getProductData" finished-at="2024-02-05T16:49:29 EST" duration-ms="4021" status="PASS">
          <params>
            <param index="0">
              <value>
                <![CDATA[imac]]>
              </value>
            </param>
          </params>
          <reporter-output>
          </reporter-output>
        </test-method> <!-- searchProductCountTest -->
        <test-method signature="searchProductCountTest(java.lang.String)[pri:0, instance:com.qa.opencart.tests.AccountPageTest@3d51f06e]" started-at="2024-02-05T16:49:29 EST" name="searchProductCountTest" data-provider="getProductData" finished-at="2024-02-05T16:49:31 EST" duration-ms="2230" status="PASS">
          <params>
            <param index="0">
              <value>
                <![CDATA[apple]]>
              </value>
            </param>
          </params>
          <reporter-output>
          </reporter-output>
        </test-method> <!-- searchProductCountTest -->
        <test-method signature="searchProductCountTest(java.lang.String)[pri:0, instance:com.qa.opencart.tests.AccountPageTest@3d51f06e]" started-at="2024-02-05T16:49:31 EST" name="searchProductCountTest" data-provider="getProductData" finished-at="2024-02-05T16:49:34 EST" duration-ms="2116" status="PASS">
          <params>
            <param index="0">
              <value>
                <![CDATA[samsung]]>
              </value>
            </param>
          </params>
          <reporter-output>
          </reporter-output>
        </test-method> <!-- searchProductCountTest -->
        <test-method signature="searchProductTest(java.lang.String,java.lang.String)[pri:0, instance:com.qa.opencart.tests.AccountPageTest@3d51f06e]" started-at="2024-02-05T16:49:34 EST" name="searchProductTest" data-provider="getProductTestData" finished-at="2024-02-05T16:49:41 EST" duration-ms="7152" status="FAIL">
          <params>
            <param index="0">
              <value>
                <![CDATA[macbook]]>
              </value>
            </param>
            <param index="1">
              <value>
                <![CDATA[Macbook Pro]]>
              </value>
            </param>
          </params>
          <exception class="org.openqa.selenium.TimeoutException">
            <message>
              <![CDATA[Expected condition failed: waiting for visibility of element located by By.linkText: Macbook Pro (tried for 5 second(s) with 500 milliseconds interval)
Build info: version: '4.16.1', revision: '9b4c83354e'
System info: os.name: 'Mac OS X', os.arch: 'x86_64', os.version: '14.2.1', java.version: '17.0.1'
Driver info: org.openqa.selenium.chrome.ChromeDriver
Capabilities {acceptInsecureCerts: false, browserName: chrome, browserVersion: 121.0.6167.139, chrome: {chromedriverVersion: 121.0.6167.85 (3f98d690ad7e..., userDataDir: /var/folders/z8/zwj_3w1x691...}, fedcm:accounts: true, goog:chromeOptions: {debuggerAddress: localhost:55477}, networkConnectionEnabled: false, pageLoadStrategy: normal, platformName: mac, proxy: Proxy(), se:cdp: ws://localhost:55477/devtoo..., se:cdpVersion: 121.0.6167.139, setWindowRect: true, strictFileInteractability: false, timeouts: {implicit: 0, pageLoad: 300000, script: 30000}, unhandledPromptBehavior: dismiss and notify, webauthn:extension:credBlob: true, webauthn:extension:largeBlob: true, webauthn:extension:minPinLength: true, webauthn:extension:prf: true, webauthn:virtualAuthenticators: true}
Session ID: 0d84eaf888e0db3ba4f382e6ee80a2ae]]>
            </message>
            <full-stacktrace>
              <![CDATA[org.openqa.selenium.TimeoutException: Expected condition failed: waiting for visibility of element located by By.linkText: Macbook Pro (tried for 5 second(s) with 500 milliseconds interval)
Build info: version: '4.16.1', revision: '9b4c83354e'
System info: os.name: 'Mac OS X', os.arch: 'x86_64', os.version: '14.2.1', java.version: '17.0.1'
Driver info: org.openqa.selenium.chrome.ChromeDriver
Capabilities {acceptInsecureCerts: false, browserName: chrome, browserVersion: 121.0.6167.139, chrome: {chromedriverVersion: 121.0.6167.85 (3f98d690ad7e..., userDataDir: /var/folders/z8/zwj_3w1x691...}, fedcm:accounts: true, goog:chromeOptions: {debuggerAddress: localhost:55477}, networkConnectionEnabled: false, pageLoadStrategy: normal, platformName: mac, proxy: Proxy(), se:cdp: ws://localhost:55477/devtoo..., se:cdpVersion: 121.0.6167.139, setWindowRect: true, strictFileInteractability: false, timeouts: {implicit: 0, pageLoad: 300000, script: 30000}, unhandledPromptBehavior: dismiss and notify, webauthn:extension:credBlob: true, webauthn:extension:largeBlob: true, webauthn:extension:minPinLength: true, webauthn:extension:prf: true, webauthn:virtualAuthenticators: true}
Session ID: 0d84eaf888e0db3ba4f382e6ee80a2ae
at org.openqa.selenium.support.ui.WebDriverWait.timeoutException(WebDriverWait.java:84)
at org.openqa.selenium.support.ui.FluentWait.until(FluentWait.java:229)
at com.wa.opencart.utils.ElementUtil.waitForElementVisibility(ElementUtil.java:162)
at com.qa.opencart.pages.SearchPage.selectProduct(SearchPage.java:27)
at com.qa.opencart.tests.AccountPageTest.searchProductTest(AccountPageTest.java:82)
at java.base/jdk.internal.reflect.NativeMethodAccessorImpl.invoke0(Native Method)
at java.base/jdk.internal.reflect.NativeMethodAccessorImpl.invoke(NativeMethodAccessorImpl.java:77)
at java.base/jdk.internal.reflect.DelegatingMethodAccessorImpl.invoke(DelegatingMethodAccessorImpl.java:43)
at java.base/java.lang.reflect.Method.invoke(Method.java:568)
at org.testng.internal.invokers.MethodInvocationHelper.invokeMethod(MethodInvocationHelper.java:139)
at org.testng.internal.invokers.TestInvoker.invokeMethod(TestInvoker.java:664)
at org.testng.internal.invokers.TestInvoker.invokeTestMethod(TestInvoker.java:227)
at org.testng.internal.invokers.MethodRunner.runInSequence(MethodRunner.java:50)
at org.testng.internal.invokers.TestInvoker$MethodInvocationAgent.invoke(TestInvoker.java:957)
at org.testng.internal.invokers.TestInvoker.invokeTestMethods(TestInvoker.java:200)
at org.testng.internal.invokers.TestMethodWorker.invokeTestMethods(TestMethodWorker.java:148)
at org.testng.internal.invokers.TestMethodWorker.run(TestMethodWorker.java:128)
at java.base/java.util.ArrayList.forEach(ArrayList.java:1511)
at org.testng.TestRunner.privateRun(TestRunner.java:848)
at org.testng.TestRunner.run(TestRunner.java:621)
at org.testng.SuiteRunner.runTest(SuiteRunner.java:443)
at org.testng.SuiteRunner.runSequentially(SuiteRunner.java:437)
at org.testng.SuiteRunner.privateRun(SuiteRunner.java:397)
at org.testng.SuiteRunner.run(SuiteRunner.java:336)
at org.testng.SuiteRunnerWorker.runSuite(SuiteRunnerWorker.java:52)
at org.testng.SuiteRunnerWorker.run(SuiteRunnerWorker.java:95)
at org.testng.TestNG.runSuitesSequentially(TestNG.java:1280)
at org.testng.TestNG.runSuitesLocally(TestNG.java:1200)
at org.testng.TestNG.runSuites(TestNG.java:1114)
at org.testng.TestNG.run(TestNG.java:1082)
at org.testng.remote.AbstractRemoteTestNG.run(AbstractRemoteTestNG.java:115)
at org.testng.remote.RemoteTestNG.initAndRun(RemoteTestNG.java:251)
at org.testng.remote.RemoteTestNG.main(RemoteTestNG.java:77)
]]>
            </full-stacktrace>
          </exception> <!-- org.openqa.selenium.TimeoutException -->
          <reporter-output>
          </reporter-output>
        </test-method> <!-- searchProductTest -->
        <test-method signature="searchProductTest(java.lang.String,java.lang.String)[pri:0, instance:com.qa.opencart.tests.AccountPageTest@3d51f06e]" started-at="2024-02-05T16:49:41 EST" name="searchProductTest" data-provider="getProductTestData" finished-at="2024-02-05T16:49:48 EST" duration-ms="7397" status="PASS">
          <params>
            <param index="0">
              <value>
                <![CDATA[imac]]>
              </value>
            </param>
            <param index="1">
              <value>
                <![CDATA[iMac]]>
              </value>
            </param>
          </params>
          <reporter-output>
          </reporter-output>
        </test-method> <!-- searchProductTest -->
        <test-method signature="searchProductTest(java.lang.String,java.lang.String)[pri:0, instance:com.qa.opencart.tests.AccountPageTest@3d51f06e]" started-at="2024-02-05T16:49:48 EST" name="searchProductTest" data-provider="getProductTestData" finished-at="2024-02-05T16:49:59 EST" duration-ms="11316" status="PASS">
          <params>
            <param index="0">
              <value>
                <![CDATA[apple]]>
              </value>
            </param>
            <param index="1">
              <value>
                <![CDATA[Apple Cinema 30"]]>
              </value>
            </param>
          </params>
          <reporter-output>
          </reporter-output>
        </test-method> <!-- searchProductTest -->
        <test-method signature="searchProductTest(java.lang.String,java.lang.String)[pri:0, instance:com.qa.opencart.tests.AccountPageTest@3d51f06e]" started-at="2024-02-05T16:49:59 EST" name="searchProductTest" data-provider="getProductTestData" finished-at="2024-02-05T16:50:05 EST" duration-ms="5109" status="PASS">
          <params>
            <param index="0">
              <value>
                <![CDATA[samsung]]>
              </value>
            </param>
            <param index="1">
              <value>
                <![CDATA[Samsung SyncMaster 941BW]]>
              </value>
            </param>
          </params>
          <reporter-output>
          </reporter-output>
        </test-method> <!-- searchProductTest -->
        <test-method is-config="true" signature="tearDown()[pri:0, instance:com.qa.opencart.tests.AccountPageTest@3d51f06e]" started-at="2024-02-05T16:50:05 EST" name="tearDown" finished-at="2024-02-05T16:50:05 EST" duration-ms="170" status="PASS">
          <reporter-output>
          </reporter-output>
        </test-method> <!-- tearDown -->
      </class> <!-- com.qa.opencart.tests.AccountPageTest -->
    </test> <!-- Default test -->
  </suite> <!-- Default suite -->
</testng-results>
